0 info it worked if it ends with ok
1 verbose cli [ '/Users/efichot/.brew/Cellar/node/8.1.3/bin/node',
1 verbose cli   '/usr/local/bin/npm',
1 verbose cli   'start' ]
2 info using npm@3.10.10
3 info using node@v8.1.3
4 verbose run-script [ 'prestart', 'start', 'poststart' ]
5 info lifecycle scoreboard@1.0.0~prestart: scoreboard@1.0.0
6 silly lifecycle scoreboard@1.0.0~prestart: no script for prestart, continuing
7 info lifecycle scoreboard@1.0.0~start: scoreboard@1.0.0
8 verbose lifecycle scoreboard@1.0.0~start: unsafe-perm in lifecycle true
9 verbose lifecycle scoreboard@1.0.0~start: PATH: /usr/local/lib/node_modules/npm/bin/node-gyp-bin:/Users/efichot/http/MyWebSite/Scoreboard/node_modules/.bin:/Users/efichot/.brew/Cellar/node/8.1.3/bin:/Users/efichot/.brew/bin:/usr/local/sbin:/usr/local/bin:/usr/sbin:/usr/bin:/sbin:/bin:/usr/games:/usr/local/games:/home/user/.bin:/Users/qle-guen/homebrew/bin
10 verbose lifecycle scoreboard@1.0.0~start: CWD: /Users/efichot/http/MyWebSite/Scoreboard
11 silly lifecycle scoreboard@1.0.0~start: Args: [ '-c', 'http-server' ]
12 info lifecycle scoreboard@1.0.0~start: Failed to exec start script
13 verbose stack Error: scoreboard@1.0.0 start: `http-server`
13 verbose stack spawn ENOENT
13 verbose stack     at ChildProcess.<anonymous> (/usr/local/lib/node_modules/npm/lib/utils/spawn.js:33:16)
13 verbose stack     at emitTwo (events.js:125:13)
13 verbose stack     at ChildProcess.emit (events.js:213:7)
13 verbose stack     at maybeClose (internal/child_process.js:897:16)
13 verbose stack     at Process.ChildProcess._handle.onexit (internal/child_process.js:208:5)
14 verbose pkgid scoreboard@1.0.0
15 verbose cwd /Users/efichot/http/MyWebSite/Scoreboard
16 error Darwin 15.6.0
17 error argv "/Users/efichot/.brew/Cellar/node/8.1.3/bin/node" "/usr/local/bin/npm" "start"
18 error node v8.1.3
19 error npm  v3.10.10
20 error file sh
21 error code ELIFECYCLE
22 error errno ENOENT
23 error syscall spawn
24 error scoreboard@1.0.0 start: `http-server`
24 error spawn ENOENT
25 error Failed at the scoreboard@1.0.0 start script 'http-server'.
25 error Make sure you have the latest version of node.js and npm installed.
25 error If you do, this is most likely a problem with the scoreboard package,
25 error not with npm itself.
25 error Tell the author that this fails on your system:
25 error     http-server
25 error You can get information on how to open an issue for this project with:
25 error     npm bugs scoreboard
25 error Or if that isn't available, you can get their info via:
25 error     npm owner ls scoreboard
25 error There is likely additional logging output above.
26 verbose exit [ 1, true ]
